This file contains any messages produced by compilers while
running configure, to aid debugging if configure makes a mistake.

It was created by libmodbus configure 3.1.0, which was
generated by GNU Autoconf 2.69.  Invocation command line was

  $ ./configure 

## --------- ##
## Platform. ##
## --------- ##

hostname = matt-ThinkPad-T520
uname -m = x86_64
uname -r = 4.4.0-66-generic
uname -s = Linux
uname -v = #87-Ubuntu SMP Fri Mar 3 15:29:05 UTC 2017

/usr/bin/uname -p = unknown
/bin/uname -X     = unknown

/bin/arch              = unknown
/usr/bin/arch -k       = unknown
/usr/convex/getsysinfo = unknown
/usr/bin/hostinfo      = unknown
/bin/machine           = unknown
/usr/bin/oslevel       = unknown
/bin/universe          = unknown

PATH: /usr/local/sbin
PATH: /usr/local/bin
PATH: /usr/sbin
PATH: /usr/bin
PATH: /sbin
PATH: /bin
PATH: /usr/games
PATH: /usr/local/games


## ----------- ##
## Core tests. ##
## ----------- ##

configure:2394: checking for a BSD-compatible install
configure:2462: result: /usr/bin/install -c
configure:2473: checking whether build environment is sane
configure:2528: result: yes
configure:2679: checking for a thread-safe mkdir -p
configure:2718: result: /bin/mkdir -p
configure:2725: checking for gawk
configure:2755: result: no
configure:2725: checking for mawk
configure:2741: found /usr/bin/mawk
configure:2752: result: mawk
configure:2763: checking whether make sets $(MAKE)
configure:2785: result: yes
configure:2814: checking whether make supports nested variables
configure:2831: result: yes
configure:2910: checking how to create a pax tar archive
configure:2921: tar --version
tar (GNU tar) 1.28
Copyright (C) 2014 Free Software Foundation, Inc.
License GPLv3+: GNU GPL version 3 or later <http://gnu.org/licenses/gpl.html>.
This is free software: you are free to change and redistribute it.
There is NO WARRANTY, to the extent permitted by law.

Written by John Gilmore and Jay Fenlason.
configure:2924: $? = 0
configure:2964: tardir=conftest.dir && eval tar --format=posix -chf - "$tardir" >conftest.tar
configure:2967: $? = 0
configure:2971: tar -xf - <conftest.tar
configure:2974: $? = 0
configure:2976: cat conftest.dir/file
GrepMe
configure:2979: $? = 0
configure:2992: result: gnutar
configure:3054: checking for style of include used by make
configure:3082: result: GNU
configure:3153: checking for gcc
configure:3169: found /usr/bin/gcc
configure:3180: result: gcc
configure:3409: checking for C compiler version
configure:3418: gcc --version >&5
gcc (Ubuntu 5.4.0-6ubuntu1~16.04.4) 5.4.0 20160609
Copyright (C) 2015 Free Software Foundation, Inc.
This is free software; see the source for copying conditions.  There is NO
warranty; not even for MERCHANTABILITY or FITNESS FOR A PARTICULAR PURPOSE.

configure:3429: $? = 0
configure:3418: gcc -v >&5
Using built-in specs.
COLLECT_GCC=gcc
COLLECT_LTO_WRAPPER=/usr/lib/gcc/x86_64-linux-gnu/5/lto-wrapper
Target: x86_64-linux-gnu
Configured with: ../src/configure -v --with-pkgversion='Ubuntu 5.4.0-6ubuntu1~16.04.4' --with-bugurl=file:///usr/share/doc/gcc-5/README.Bugs --enable-languages=c,ada,c++,java,go,d,fortran,objc,obj-c++ --prefix=/usr --program-suffix=-5 --enable-shared --enable-linker-build-id --libexecdir=/usr/lib --without-included-gettext --enable-threads=posix --libdir=/usr/lib --enable-nls --with-sysroot=/ --enable-clocale=gnu --enable-libstdcxx-debug --enable-libstdcxx-time=yes --with-default-libstdcxx-abi=new --enable-gnu-unique-object --disable-vtable-verify --enable-libmpx --enable-plugin --with-system-zlib --disable-browser-plugin --enable-java-awt=gtk --enable-gtk-cairo --with-java-home=/usr/lib/jvm/java-1.5.0-gcj-5-amd64/jre --enable-java-home --with-jvm-root-dir=/usr/lib/jvm/java-1.5.0-gcj-5-amd64 --with-jvm-jar-dir=/usr/lib/jvm-exports/java-1.5.0-gcj-5-amd64 --with-arch-directory=amd64 --with-ecj-jar=/usr/share/java/eclipse-ecj.jar --enable-objc-gc --enable-multiarch --disable-werror --with-arch-32=i686 --with-abi=m64 --with-multilib-list=m32,m64,mx32 --enable-multilib --with-tune=generic --enable-checking=release --build=x86_64-linux-gnu --host=x86_64-linux-gnu --target=x86_64-linux-gnu
Thread model: posix
gcc version 5.4.0 20160609 (Ubuntu 5.4.0-6ubuntu1~16.04.4) 
configure:3429: $? = 0
configure:3418: gcc -V >&5
gcc: error: unrecognized command line option '-V'
gcc: fatal error: no input files
compilation terminated.
configure:3429: $? = 1
configure:3418: gcc -qversion >&5
gcc: error: unrecognized command line option '-qversion'
gcc: fatal error: no input files
compilation terminated.
configure:3429: $? = 1
configure:3449: checking whether the C compiler works
configure:3471: gcc    conftest.c  >&5
configure:3475: $? = 0
configure:3523: result: yes
configure:3526: checking for C compiler default output file name
configure:3528: result: a.out
configure:3534: checking for suffix of executables
configure:3541: gcc -o conftest    conftest.c  >&5
configure:3545: $? = 0
configure:3567: result: 
configure:3589: checking whether we are cross compiling
configure:3597: gcc -o conftest    conftest.c  >&5
configure:3601: $? = 0
configure:3608: ./conftest
configure:3612: $? = 0
configure:3627: result: no
configure:3632: checking for suffix of object files
configure:3654: gcc -c   conftest.c >&5
configure:3658: $? = 0
configure:3679: result: o
configure:3683: checking whether we are using the GNU C compiler
configure:3702: gcc -c   conftest.c >&5
configure:3702: $? = 0
configure:3711: result: yes
configure:3720: checking whether gcc accepts -g
configure:3740: gcc -c -g  conftest.c >&5
configure:3740: $? = 0
configure:3781: result: yes
configure:3798: checking for gcc option to accept ISO C89
configure:3861: gcc  -c -g -O2  conftest.c >&5
configure:3861: $? = 0
configure:3874: result: none needed
configure:3899: checking whether gcc understands -c and -o together
configure:3921: gcc -c conftest.c -o conftest2.o
configure:3924: $? = 0
configure:3921: gcc -c conftest.c -o conftest2.o
configure:3924: $? = 0
configure:3936: result: yes
configure:3955: checking dependency style of gcc
configure:4066: result: gcc3
configure:4085: checking for gcc option to accept ISO C99
configure:4234: gcc  -c -g -O2  conftest.c >&5
configure:4234: $? = 0
configure:4247: result: none needed
configure:4355: checking for gcc option to accept ISO Standard C
configure:4366: result: none needed
configure:4379: checking how to run the C preprocessor
configure:4410: gcc -E  conftest.c
configure:4410: $? = 0
configure:4424: gcc -E  conftest.c
conftest.c:11:28: fatal error: ac_nonexistent.h: No such file or directory
compilation terminated.
configure:4424: $? = 1
configure: failed program was:
| /* confdefs.h */
| #define PACKAGE_NAME "libmodbus"
| #define PACKAGE_TARNAME "libmodbus"
| #define PACKAGE_VERSION "3.1.0"
| #define PACKAGE_STRING "libmodbus 3.1.0"
| #define PACKAGE_BUGREPORT "https://github.com/stephane/libmodbus/issues"
| #define PACKAGE_URL "http://libmodbus.org/"
| #define PACKAGE "libmodbus"
| #define VERSION "3.1.0"
| /* end confdefs.h.  */
| #include <ac_nonexistent.h>
configure:4449: result: gcc -E
configure:4469: gcc -E  conftest.c
configure:4469: $? = 0
configure:4483: gcc -E  conftest.c
conftest.c:11:28: fatal error: ac_nonexistent.h: No such file or directory
compilation terminated.
configure:4483: $? = 1
configure: failed program was:
| /* confdefs.h */
| #define PACKAGE_NAME "libmodbus"
| #define PACKAGE_TARNAME "libmodbus"
| #define PACKAGE_VERSION "3.1.0"
| #define PACKAGE_STRING "libmodbus 3.1.0"
| #define PACKAGE_BUGREPORT "https://github.com/stephane/libmodbus/issues"
| #define PACKAGE_URL "http://libmodbus.org/"
| #define PACKAGE "libmodbus"
| #define VERSION "3.1.0"
| /* end confdefs.h.  */
| #include <ac_nonexistent.h>
configure:4512: checking for grep that handles long lines and -e
configure:4570: result: /bin/grep
configure:4575: checking for egrep
configure:4637: result: /bin/grep -E
configure:4642: checking for ANSI C header files
configure:4662: gcc -c -g -O2  conftest.c >&5
configure:4662: $? = 0
configure:4735: gcc -o conftest -g -O2   conftest.c  >&5
configure:4735: $? = 0
configure:4735: ./conftest
configure:4735: $? = 0
configure:4746: result: yes
configure:4759: checking for sys/types.h
configure:4759: gcc -c -g -O2  conftest.c >&5
configure:4759: $? = 0
configure:4759: result: yes
configure:4759: checking for sys/stat.h
configure:4759: gcc -c -g -O2  conftest.c >&5
configure:4759: $? = 0
configure:4759: result: yes
configure:4759: checking for stdlib.h
configure:4759: gcc -c -g -O2  conftest.c >&5
configure:4759: $? = 0
configure:4759: result: yes
configure:4759: checking for string.h
configure:4759: gcc -c -g -O2  conftest.c >&5
configure:4759: $? = 0
configure:4759: result: yes
configure:4759: checking for memory.h
configure:4759: gcc -c -g -O2  conftest.c >&5
configure:4759: $? = 0
configure:4759: result: yes
configure:4759: checking for strings.h
configure:4759: gcc -c -g -O2  conftest.c >&5
configure:4759: $? = 0
configure:4759: result: yes
configure:4759: checking for inttypes.h
configure:4759: gcc -c -g -O2  conftest.c >&5
configure:4759: $? = 0
configure:4759: result: yes
configure:4759: checking for stdint.h
configure:4759: gcc -c -g -O2  conftest.c >&5
configure:4759: $? = 0
configure:4759: result: yes
configure:4759: checking for unistd.h
configure:4759: gcc -c -g -O2  conftest.c >&5
configure:4759: $? = 0
configure:4759: result: yes
configure:4772: checking minix/config.h usability
configure:4772: gcc -c -g -O2  conftest.c >&5
conftest.c:54:26: fatal error: minix/config.h: No such file or directory
compilation terminated.
configure:4772: $? = 1
configure: failed program was:
| /* confdefs.h */
| #define PACKAGE_NAME "libmodbus"
| #define PACKAGE_TARNAME "libmodbus"
| #define PACKAGE_VERSION "3.1.0"
| #define PACKAGE_STRING "libmodbus 3.1.0"
| #define PACKAGE_BUGREPORT "https://github.com/stephane/libmodbus/issues"
| #define PACKAGE_URL "http://libmodbus.org/"
| #define PACKAGE "libmodbus"
| #define VERSION "3.1.0"
| #define STDC_HEADERS 1
| #define HAVE_SYS_TYPES_H 1
| #define HAVE_SYS_STAT_H 1
| #define HAVE_STDLIB_H 1
| #define HAVE_STRING_H 1
| #define HAVE_MEMORY_H 1
| #define HAVE_STRINGS_H 1
| #define HAVE_INTTYPES_H 1
| #define HAVE_STDINT_H 1
| #define HAVE_UNISTD_H 1
| /* end confdefs.h.  */
| #include <stdio.h>
| #ifdef HAVE_SYS_TYPES_H
| # include <sys/types.h>
| #endif
| #ifdef HAVE_SYS_STAT_H
| # include <sys/stat.h>
| #endif
| #ifdef STDC_HEADERS
| # include <stdlib.h>
| # include <stddef.h>
| #else
| # ifdef HAVE_STDLIB_H
| #  include <stdlib.h>
| # endif
| #endif
| #ifdef HAVE_STRING_H
| # if !defined STDC_HEADERS && defined HAVE_MEMORY_H
| #  include <memory.h>
| # endif
| # include <string.h>
| #endif
| #ifdef HAVE_STRINGS_H
| # include <strings.h>
| #endif
| #ifdef HAVE_INTTYPES_H
| # include <inttypes.h>
| #endif
| #ifdef HAVE_STDINT_H
| # include <stdint.h>
| #endif
| #ifdef HAVE_UNISTD_H
| # include <unistd.h>
| #endif
| #include <minix/config.h>
configure:4772: result: no
configure:4772: checking minix/config.h presence
configure:4772: gcc -E  conftest.c
conftest.c:21:26: fatal error: minix/config.h: No such file or directory
compilation terminated.
configure:4772: $? = 1
configure: failed program was:
| /* confdefs.h */
| #define PACKAGE_NAME "libmodbus"
| #define PACKAGE_TARNAME "libmodbus"
| #define PACKAGE_VERSION "3.1.0"
| #define PACKAGE_STRING "libmodbus 3.1.0"
| #define PACKAGE_BUGREPORT "https://github.com/stephane/libmodbus/issues"
| #define PACKAGE_URL "http://libmodbus.org/"
| #define PACKAGE "libmodbus"
| #define VERSION "3.1.0"
| #define STDC_HEADERS 1
| #define HAVE_SYS_TYPES_H 1
| #define HAVE_SYS_STAT_H 1
| #define HAVE_STDLIB_H 1
| #define HAVE_STRING_H 1
| #define HAVE_MEMORY_H 1
| #define HAVE_STRINGS_H 1
| #define HAVE_INTTYPES_H 1
| #define HAVE_STDINT_H 1
| #define HAVE_UNISTD_H 1
| /* end confdefs.h.  */
| #include <minix/config.h>
configure:4772: result: no
configure:4772: checking for minix/config.h
configure:4772: result: no
configure:4793: checking whether it is safe to define __EXTENSIONS__
configure:4811: gcc -c -g -O2  conftest.c >&5
configure:4811: $? = 0
configure:4818: result: yes
configure:4839: checking for special C compiler options needed for large files
configure:4884: result: no
configure:4890: checking for _FILE_OFFSET_BITS value needed for large files
configure:4915: gcc -c -g -O2  conftest.c >&5
configure:4915: $? = 0
configure:4947: result: no
configure:5044: checking whether make supports nested variables
configure:5061: result: yes
configure:5094: checking build system type
configure:5108: result: x86_64-pc-linux-gnu
configure:5128: checking host system type
configure:5141: result: x86_64-pc-linux-gnu
configure:5236: checking how to print strings
configure:5263: result: printf
configure:5284: checking for a sed that does not truncate output
configure:5348: result: /bin/sed
configure:5366: checking for fgrep
configure:5428: result: /bin/grep -F
configure:5463: checking for ld used by gcc
configure:5530: result: /usr/bin/ld
configure:5537: checking if the linker (/usr/bin/ld) is GNU ld
configure:5552: result: yes
configure:5564: checking for BSD- or MS-compatible name lister (nm)
configure:5618: result: /usr/bin/nm -B
configure:5748: checking the name lister (/usr/bin/nm -B) interface
configure:5755: gcc -c -g -O2  conftest.c >&5
configure:5758: /usr/bin/nm -B "conftest.o"
configure:5761: output
0000000000000000 B some_variable
configure:5768: result: BSD nm
configure:5771: checking whether ln -s works
configure:5775: result: yes
configure:5783: checking the maximum length of command line arguments
configure:5914: result: 1572864
configure:5962: checking how to convert x86_64-pc-linux-gnu file names to x86_64-pc-linux-gnu format
configure:6002: result: func_convert_file_noop
configure:6009: checking how to convert x86_64-pc-linux-gnu file names to toolchain format
configure:6029: result: func_convert_file_noop
configure:6036: checking for /usr/bin/ld option to reload object files
configure:6043: result: -r
configure:6117: checking for objdump
configure:6133: found /usr/bin/objdump
configure:6144: result: objdump
configure:6173: checking how to recognize dependent libraries
configure:6373: result: pass_all
configure:6458: checking for dlltool
configure:6488: result: no
configure:6515: checking how to associate runtime and link libraries
configure:6542: result: printf %s\n
configure:6602: checking for ar
configure:6618: found /usr/bin/ar
configure:6629: result: ar
configure:6666: checking for archiver @FILE support
configure:6683: gcc -c -g -O2  conftest.c >&5
configure:6683: $? = 0
configure:6686: ar cru libconftest.a @conftest.lst >&5
ar: `u' modifier ignored since `D' is the default (see `U')
configure:6689: $? = 0
configure:6694: ar cru libconftest.a @conftest.lst >&5
ar: `u' modifier ignored since `D' is the default (see `U')
ar: conftest.o: No such file or directory
configure:6697: $? = 1
configure:6709: result: @
configure:6767: checking for strip
configure:6783: found /usr/bin/strip
configure:6794: result: strip
configure:6866: checking for ranlib
configure:6882: found /usr/bin/ranlib
configure:6893: result: ranlib
configure:6995: checking command to parse /usr/bin/nm -B output from gcc object
configure:7148: gcc -c -g -O2  conftest.c >&5
configure:7151: $? = 0
configure:7155: /usr/bin/nm -B conftest.o \| sed -n -e 's/^.*[ ]\([ABCDGIRSTW][ABCDGIRSTW]*\)[ ][ ]*\([_A-Za-z][_A-Za-z0-9]*\)$/\1 \2 \2/p' | sed '/ __gnu_lto/d' \> conftest.nm
configure:7158: $? = 0
configure:7224: gcc -o conftest -g -O2   conftest.c conftstm.o >&5
configure:7227: $? = 0
configure:7265: result: ok
configure:7312: checking for sysroot
configure:7342: result: no
configure:7349: checking for a working dd
configure:7387: result: /bin/dd
configure:7391: checking how to truncate binary pipes
configure:7406: result: /bin/dd bs=4096 count=1
configure:7542: gcc -c -g -O2  conftest.c >&5
configure:7545: $? = 0
configure:7735: checking for mt
configure:7751: found /bin/mt
configure:7762: result: mt
configure:7785: checking if mt is a manifest tool
configure:7791: mt '-?'
configure:7799: result: no
configure:8473: checking for dlfcn.h
configure:8473: gcc -c -g -O2  conftest.c >&5
configure:8473: $? = 0
configure:8473: result: yes
configure:9025: checking for objdir
configure:9040: result: .libs
configure:9304: checking if gcc supports -fno-rtti -fno-exceptions
configure:9322: gcc -c -g -O2  -fno-rtti -fno-exceptions conftest.c >&5
cc1: warning: command line option '-fno-rtti' is valid for C++/ObjC++ but not for C
configure:9326: $? = 0
configure:9339: result: no
configure:9697: checking for gcc option to produce PIC
configure:9704: result: -fPIC -DPIC
configure:9712: checking if gcc PIC flag -fPIC -DPIC works
configure:9730: gcc -c -g -O2  -fPIC -DPIC -DPIC conftest.c >&5
configure:9734: $? = 0
configure:9747: result: yes
configure:9776: checking if gcc static flag -static works
configure:9804: result: yes
configure:9819: checking if gcc supports -c -o file.o
configure:9840: gcc -c -g -O2  -o out/conftest2.o conftest.c >&5
configure:9844: $? = 0
configure:9866: result: yes
configure:9874: checking if gcc supports -c -o file.o
configure:9921: result: yes
configure:9954: checking whether the gcc linker (/usr/bin/ld -m elf_x86_64) supports shared libraries
configure:11217: result: yes
configure:11254: checking whether -lc should be explicitly linked in
configure:11262: gcc -c -g -O2  conftest.c >&5
configure:11265: $? = 0
configure:11280: gcc -shared  -fPIC -DPIC conftest.o  -v -Wl,-soname -Wl,conftest -o conftest 2\>\&1 \| /bin/grep  -lc  \>/dev/null 2\>\&1
configure:11283: $? = 0
configure:11297: result: no
configure:11457: checking dynamic linker characteristics
configure:12038: gcc -o conftest -g -O2   -Wl,-rpath -Wl,/foo conftest.c  >&5
configure:12038: $? = 0
configure:12287: result: GNU/Linux ld.so
configure:12409: checking how to hardcode library paths into programs
configure:12434: result: immediate
configure:12982: checking whether stripping libraries is possible
configure:12987: result: yes
configure:13022: checking if libtool supports shared libraries
configure:13024: result: yes
configure:13027: checking whether to build shared libraries
configure:13052: result: yes
configure:13055: checking whether to build static libraries
configure:13059: result: no
configure:13116: checking arpa/inet.h usability
configure:13116: gcc -c -g -O2  conftest.c >&5
configure:13116: $? = 0
configure:13116: result: yes
configure:13116: checking arpa/inet.h presence
configure:13116: gcc -E  conftest.c
configure:13116: $? = 0
configure:13116: result: yes
configure:13116: checking for arpa/inet.h
configure:13116: result: yes
configure:13116: checking byteswap.h usability
configure:13116: gcc -c -g -O2  conftest.c >&5
configure:13116: $? = 0
configure:13116: result: yes
configure:13116: checking byteswap.h presence
configure:13116: gcc -E  conftest.c
configure:13116: $? = 0
configure:13116: result: yes
configure:13116: checking for byteswap.h
configure:13116: result: yes
configure:13116: checking errno.h usability
configure:13116: gcc -c -g -O2  conftest.c >&5
configure:13116: $? = 0
configure:13116: result: yes
configure:13116: checking errno.h presence
configure:13116: gcc -E  conftest.c
configure:13116: $? = 0
configure:13116: result: yes
configure:13116: checking for errno.h
configure:13116: result: yes
configure:13116: checking fcntl.h usability
configure:13116: gcc -c -g -O2  conftest.c >&5
configure:13116: $? = 0
configure:13116: result: yes
configure:13116: checking fcntl.h presence
configure:13116: gcc -E  conftest.c
configure:13116: $? = 0
configure:13116: result: yes
configure:13116: checking for fcntl.h
configure:13116: result: yes
configure:13116: checking limits.h usability
configure:13116: gcc -c -g -O2  conftest.c >&5
configure:13116: $? = 0
configure:13116: result: yes
configure:13116: checking limits.h presence
configure:13116: gcc -E  conftest.c
configure:13116: $? = 0
configure:13116: result: yes
configure:13116: checking for limits.h
configure:13116: result: yes
configure:13116: checking linux/serial.h usability
configure:13116: gcc -c -g -O2  conftest.c >&5
configure:13116: $? = 0
configure:13116: result: yes
configure:13116: checking linux/serial.h presence
configure:13116: gcc -E  conftest.c
configure:13116: $? = 0
configure:13116: result: yes
configure:13116: checking for linux/serial.h
configure:13116: result: yes
configure:13116: checking netdb.h usability
configure:13116: gcc -c -g -O2  conftest.c >&5
configure:13116: $? = 0
configure:13116: result: yes
configure:13116: checking netdb.h presence
configure:13116: gcc -E  conftest.c
configure:13116: $? = 0
configure:13116: result: yes
configure:13116: checking for netdb.h
configure:13116: result: yes
configure:13116: checking netinet/in.h usability
configure:13116: gcc -c -g -O2  conftest.c >&5
configure:13116: $? = 0
configure:13116: result: yes
configure:13116: checking netinet/in.h presence
configure:13116: gcc -E  conftest.c
configure:13116: $? = 0
configure:13116: result: yes
configure:13116: checking for netinet/in.h
configure:13116: result: yes
configure:13116: checking netinet/tcp.h usability
configure:13116: gcc -c -g -O2  conftest.c >&5
configure:13116: $? = 0
configure:13116: result: yes
configure:13116: checking netinet/tcp.h presence
configure:13116: gcc -E  conftest.c
configure:13116: $? = 0
configure:13116: result: yes
configure:13116: checking for netinet/tcp.h
configure:13116: result: yes
configure:13116: checking sys/ioctl.h usability
configure:13116: gcc -c -g -O2  conftest.c >&5
configure:13116: $? = 0
configure:13116: result: yes
configure:13116: checking sys/ioctl.h presence
configure:13116: gcc -E  conftest.c
configure:13116: $? = 0
configure:13116: result: yes
configure:13116: checking for sys/ioctl.h
configure:13116: result: yes
configure:13116: checking sys/socket.h usability
configure:13116: gcc -c -g -O2  conftest.c >&5
configure:13116: $? = 0
configure:13116: result: yes
configure:13116: checking sys/socket.h presence
configure:13116: gcc -E  conftest.c
configure:13116: $? = 0
configure:13116: result: yes
configure:13116: checking for sys/socket.h
configure:13116: result: yes
configure:13116: checking sys/time.h usability
configure:13116: gcc -c -g -O2  conftest.c >&5
configure:13116: $? = 0
configure:13116: result: yes
configure:13116: checking sys/time.h presence
configure:13116: gcc -E  conftest.c
configure:13116: $? = 0
configure:13116: result: yes
configure:13116: checking for sys/time.h
configure:13116: result: yes
configure:13116: checking for sys/types.h
configure:13116: result: yes
configure:13116: checking termios.h usability
configure:13116: gcc -c -g -O2  conftest.c >&5
configure:13116: $? = 0
configure:13116: result: yes
configure:13116: checking termios.h presence
configure:13116: gcc -E  conftest.c
configure:13116: $? = 0
configure:13116: result: yes
configure:13116: checking for termios.h
configure:13116: result: yes
configure:13116: checking time.h usability
configure:13116: gcc -c -g -O2  conftest.c >&5
configure:13116: $? = 0
configure:13116: result: yes
configure:13116: checking time.h presence
configure:13116: gcc -E  conftest.c
configure:13116: $? = 0
configure:13116: result: yes
configure:13116: checking for time.h
configure:13116: result: yes
configure:13116: checking for unistd.h
configure:13116: result: yes
configure:13147: checking for asciidoc
configure:13175: result: no
configure:13185: checking for xmlto
configure:13213: result: no
configure:13226: WARNING: You are building an unreleased version of libmodbus and asciidoc or xmlto are not installed.
configure:13228: WARNING: Documentation will not be built and manual pages will not be installed.
configure:13239: checking whether to build documentation
configure:13241: result: no
configure:13244: checking whether to install manpages
configure:13246: result: no
configure:13269: checking whether __CYGWIN__ is declared
configure:13269: gcc -c -g -O2  conftest.c >&5
conftest.c: In function 'main':
conftest.c:84:10: error: '__CYGWIN__' undeclared (first use in this function)
   (void) __CYGWIN__;
          ^
conftest.c:84:10: note: each undeclared identifier is reported only once for each function it appears in
configure:13269: $? = 1
configure: failed program was:
| /* confdefs.h */
| #define PACKAGE_NAME "libmodbus"
| #define PACKAGE_TARNAME "libmodbus"
| #define PACKAGE_VERSION "3.1.0"
| #define PACKAGE_STRING "libmodbus 3.1.0"
| #define PACKAGE_BUGREPORT "https://github.com/stephane/libmodbus/issues"
| #define PACKAGE_URL "http://libmodbus.org/"
| #define PACKAGE "libmodbus"
| #define VERSION "3.1.0"
| #define STDC_HEADERS 1
| #define HAVE_SYS_TYPES_H 1
| #define HAVE_SYS_STAT_H 1
| #define HAVE_STDLIB_H 1
| #define HAVE_STRING_H 1
| #define HAVE_MEMORY_H 1
| #define HAVE_STRINGS_H 1
| #define HAVE_INTTYPES_H 1
| #define HAVE_STDINT_H 1
| #define HAVE_UNISTD_H 1
| #define __EXTENSIONS__ 1
| #define _ALL_SOURCE 1
| #define _GNU_SOURCE 1
| #define _POSIX_PTHREAD_SEMANTICS 1
| #define _TANDEM_SOURCE 1
| #define HAVE_DLFCN_H 1
| #define LT_OBJDIR ".libs/"
| #define HAVE_ARPA_INET_H 1
| #define HAVE_BYTESWAP_H 1
| #define HAVE_ERRNO_H 1
| #define HAVE_FCNTL_H 1
| #define HAVE_LIMITS_H 1
| #define HAVE_LINUX_SERIAL_H 1
| #define HAVE_NETDB_H 1
| #define HAVE_NETINET_IN_H 1
| #define HAVE_NETINET_TCP_H 1
| #define HAVE_SYS_IOCTL_H 1
| #define HAVE_SYS_SOCKET_H 1
| #define HAVE_SYS_TIME_H 1
| #define HAVE_SYS_TYPES_H 1
| #define HAVE_TERMIOS_H 1
| #define HAVE_TIME_H 1
| #define HAVE_UNISTD_H 1
| /* end confdefs.h.  */
| #include <stdio.h>
| #ifdef HAVE_SYS_TYPES_H
| # include <sys/types.h>
| #endif
| #ifdef HAVE_SYS_STAT_H
| # include <sys/stat.h>
| #endif
| #ifdef STDC_HEADERS
| # include <stdlib.h>
| # include <stddef.h>
| #else
| # ifdef HAVE_STDLIB_H
| #  include <stdlib.h>
| # endif
| #endif
| #ifdef HAVE_STRING_H
| # if !defined STDC_HEADERS && defined HAVE_MEMORY_H
| #  include <memory.h>
| # endif
| # include <string.h>
| #endif
| #ifdef HAVE_STRINGS_H
| # include <strings.h>
| #endif
| #ifdef HAVE_INTTYPES_H
| # include <inttypes.h>
| #endif
| #ifdef HAVE_STDINT_H
| # include <stdint.h>
| #endif
| #ifdef HAVE_UNISTD_H
| # include <unistd.h>
| #endif
| int
| main ()
| {
| #ifndef __CYGWIN__
| #ifdef __cplusplus
|   (void) __CYGWIN__;
| #else
|   (void) __CYGWIN__;
| #endif
| #endif
| 
|   ;
|   return 0;
| }
configure:13269: result: no
configure:13282: checking for pid_t
configure:13282: gcc -c -g -O2  conftest.c >&5
configure:13282: $? = 0
configure:13282: gcc -c -g -O2  conftest.c >&5
conftest.c: In function 'main':
conftest.c:81:20: error: expected expression before ')' token
 if (sizeof ((pid_t)))
                    ^
configure:13282: $? = 1
configure: failed program was:
| /* confdefs.h */
| #define PACKAGE_NAME "libmodbus"
| #define PACKAGE_TARNAME "libmodbus"
| #define PACKAGE_VERSION "3.1.0"
| #define PACKAGE_STRING "libmodbus 3.1.0"
| #define PACKAGE_BUGREPORT "https://github.com/stephane/libmodbus/issues"
| #define PACKAGE_URL "http://libmodbus.org/"
| #define PACKAGE "libmodbus"
| #define VERSION "3.1.0"
| #define STDC_HEADERS 1
| #define HAVE_SYS_TYPES_H 1
| #define HAVE_SYS_STAT_H 1
| #define HAVE_STDLIB_H 1
| #define HAVE_STRING_H 1
| #define HAVE_MEMORY_H 1
| #define HAVE_STRINGS_H 1
| #define HAVE_INTTYPES_H 1
| #define HAVE_STDINT_H 1
| #define HAVE_UNISTD_H 1
| #define __EXTENSIONS__ 1
| #define _ALL_SOURCE 1
| #define _GNU_SOURCE 1
| #define _POSIX_PTHREAD_SEMANTICS 1
| #define _TANDEM_SOURCE 1
| #define HAVE_DLFCN_H 1
| #define LT_OBJDIR ".libs/"
| #define HAVE_ARPA_INET_H 1
| #define HAVE_BYTESWAP_H 1
| #define HAVE_ERRNO_H 1
| #define HAVE_FCNTL_H 1
| #define HAVE_LIMITS_H 1
| #define HAVE_LINUX_SERIAL_H 1
| #define HAVE_NETDB_H 1
| #define HAVE_NETINET_IN_H 1
| #define HAVE_NETINET_TCP_H 1
| #define HAVE_SYS_IOCTL_H 1
| #define HAVE_SYS_SOCKET_H 1
| #define HAVE_SYS_TIME_H 1
| #define HAVE_SYS_TYPES_H 1
| #define HAVE_TERMIOS_H 1
| #define HAVE_TIME_H 1
| #define HAVE_UNISTD_H 1
| #define HAVE_DECL___CYGWIN__ 0
| /* end confdefs.h.  */
| #include <stdio.h>
| #ifdef HAVE_SYS_TYPES_H
| # include <sys/types.h>
| #endif
| #ifdef HAVE_SYS_STAT_H
| # include <sys/stat.h>
| #endif
| #ifdef STDC_HEADERS
| # include <stdlib.h>
| # include <stddef.h>
| #else
| # ifdef HAVE_STDLIB_H
| #  include <stdlib.h>
| # endif
| #endif
| #ifdef HAVE_STRING_H
| # if !defined STDC_HEADERS && defined HAVE_MEMORY_H
| #  include <memory.h>
| # endif
| # include <string.h>
| #endif
| #ifdef HAVE_STRINGS_H
| # include <strings.h>
| #endif
| #ifdef HAVE_INTTYPES_H
| # include <inttypes.h>
| #endif
| #ifdef HAVE_STDINT_H
| # include <stdint.h>
| #endif
| #ifdef HAVE_UNISTD_H
| # include <unistd.h>
| #endif
| int
| main ()
| {
| if (sizeof ((pid_t)))
| 	    return 0;
|   ;
|   return 0;
| }
configure:13282: result: yes
configure:13295: checking vfork.h usability
configure:13295: gcc -c -g -O2  conftest.c >&5
conftest.c:78:19: fatal error: vfork.h: No such file or directory
compilation terminated.
configure:13295: $? = 1
configure: failed program was:
| /* confdefs.h */
| #define PACKAGE_NAME "libmodbus"
| #define PACKAGE_TARNAME "libmodbus"
| #define PACKAGE_VERSION "3.1.0"
| #define PACKAGE_STRING "libmodbus 3.1.0"
| #define PACKAGE_BUGREPORT "https://github.com/stephane/libmodbus/issues"
| #define PACKAGE_URL "http://libmodbus.org/"
| #define PACKAGE "libmodbus"
| #define VERSION "3.1.0"
| #define STDC_HEADERS 1
| #define HAVE_SYS_TYPES_H 1
| #define HAVE_SYS_STAT_H 1
| #define HAVE_STDLIB_H 1
| #define HAVE_STRING_H 1
| #define HAVE_MEMORY_H 1
| #define HAVE_STRINGS_H 1
| #define HAVE_INTTYPES_H 1
| #define HAVE_STDINT_H 1
| #define HAVE_UNISTD_H 1
| #define __EXTENSIONS__ 1
| #define _ALL_SOURCE 1
| #define _GNU_SOURCE 1
| #define _POSIX_PTHREAD_SEMANTICS 1
| #define _TANDEM_SOURCE 1
| #define HAVE_DLFCN_H 1
| #define LT_OBJDIR ".libs/"
| #define HAVE_ARPA_INET_H 1
| #define HAVE_BYTESWAP_H 1
| #define HAVE_ERRNO_H 1
| #define HAVE_FCNTL_H 1
| #define HAVE_LIMITS_H 1
| #define HAVE_LINUX_SERIAL_H 1
| #define HAVE_NETDB_H 1
| #define HAVE_NETINET_IN_H 1
| #define HAVE_NETINET_TCP_H 1
| #define HAVE_SYS_IOCTL_H 1
| #define HAVE_SYS_SOCKET_H 1
| #define HAVE_SYS_TIME_H 1
| #define HAVE_SYS_TYPES_H 1
| #define HAVE_TERMIOS_H 1
| #define HAVE_TIME_H 1
| #define HAVE_UNISTD_H 1
| #define HAVE_DECL___CYGWIN__ 0
| /* end confdefs.h.  */
| #include <stdio.h>
| #ifdef HAVE_SYS_TYPES_H
| # include <sys/types.h>
| #endif
| #ifdef HAVE_SYS_STAT_H
| # include <sys/stat.h>
| #endif
| #ifdef STDC_HEADERS
| # include <stdlib.h>
| # include <stddef.h>
| #else
| # ifdef HAVE_STDLIB_H
| #  include <stdlib.h>
| # endif
| #endif
| #ifdef HAVE_STRING_H
| # if !defined STDC_HEADERS && defined HAVE_MEMORY_H
| #  include <memory.h>
| # endif
| # include <string.h>
| #endif
| #ifdef HAVE_STRINGS_H
| # include <strings.h>
| #endif
| #ifdef HAVE_INTTYPES_H
| # include <inttypes.h>
| #endif
| #ifdef HAVE_STDINT_H
| # include <stdint.h>
| #endif
| #ifdef HAVE_UNISTD_H
| # include <unistd.h>
| #endif
| #include <vfork.h>
configure:13295: result: no
configure:13295: checking vfork.h presence
configure:13295: gcc -E  conftest.c
conftest.c:45:19: fatal error: vfork.h: No such file or directory
compilation terminated.
configure:13295: $? = 1
configure: failed program was:
| /* confdefs.h */
| #define PACKAGE_NAME "libmodbus"
| #define PACKAGE_TARNAME "libmodbus"
| #define PACKAGE_VERSION "3.1.0"
| #define PACKAGE_STRING "libmodbus 3.1.0"
| #define PACKAGE_BUGREPORT "https://github.com/stephane/libmodbus/issues"
| #define PACKAGE_URL "http://libmodbus.org/"
| #define PACKAGE "libmodbus"
| #define VERSION "3.1.0"
| #define STDC_HEADERS 1
| #define HAVE_SYS_TYPES_H 1
| #define HAVE_SYS_STAT_H 1
| #define HAVE_STDLIB_H 1
| #define HAVE_STRING_H 1
| #define HAVE_MEMORY_H 1
| #define HAVE_STRINGS_H 1
| #define HAVE_INTTYPES_H 1
| #define HAVE_STDINT_H 1
| #define HAVE_UNISTD_H 1
| #define __EXTENSIONS__ 1
| #define _ALL_SOURCE 1
| #define _GNU_SOURCE 1
| #define _POSIX_PTHREAD_SEMANTICS 1
| #define _TANDEM_SOURCE 1
| #define HAVE_DLFCN_H 1
| #define LT_OBJDIR ".libs/"
| #define HAVE_ARPA_INET_H 1
| #define HAVE_BYTESWAP_H 1
| #define HAVE_ERRNO_H 1
| #define HAVE_FCNTL_H 1
| #define HAVE_LIMITS_H 1
| #define HAVE_LINUX_SERIAL_H 1
| #define HAVE_NETDB_H 1
| #define HAVE_NETINET_IN_H 1
| #define HAVE_NETINET_TCP_H 1
| #define HAVE_SYS_IOCTL_H 1
| #define HAVE_SYS_SOCKET_H 1
| #define HAVE_SYS_TIME_H 1
| #define HAVE_SYS_TYPES_H 1
| #define HAVE_TERMIOS_H 1
| #define HAVE_TIME_H 1
| #define HAVE_UNISTD_H 1
| #define HAVE_DECL___CYGWIN__ 0
| /* end confdefs.h.  */
| #include <vfork.h>
configure:13295: result: no
configure:13295: checking for vfork.h
configure:13295: result: no
configure:13308: checking for fork
configure:13308: gcc -o conftest -g -O2   conftest.c  >&5
conftest.c:68:6: warning: conflicting types for built-in function 'fork'
 char fork ();
      ^
configure:13308: $? = 0
configure:13308: result: yes
configure:13308: checking for vfork
configure:13308: gcc -o conftest -g -O2   conftest.c  >&5
configure:13308: $? = 0
configure:13308: result: yes
configure:13318: checking for working fork
configure:13340: gcc -o conftest -g -O2   conftest.c  >&5
configure:13340: $? = 0
configure:13340: ./conftest
configure:13340: $? = 0
configure:13350: result: yes
configure:13371: checking for working vfork
configure:13481: result: yes
configure:13509: checking for accept4
configure:13509: gcc -o conftest -g -O2   conftest.c  >&5
configure:13509: $? = 0
configure:13509: result: yes
configure:13509: checking for getaddrinfo
configure:13509: gcc -o conftest -g -O2   conftest.c  >&5
configure:13509: $? = 0
configure:13509: result: yes
configure:13509: checking for gettimeofday
configure:13509: gcc -o conftest -g -O2   conftest.c  >&5
configure:13509: $? = 0
configure:13509: result: yes
configure:13509: checking for inet_ntoa
configure:13509: gcc -o conftest -g -O2   conftest.c  >&5
configure:13509: $? = 0
configure:13509: result: yes
configure:13509: checking for memset
configure:13509: gcc -o conftest -g -O2   conftest.c  >&5
conftest.c:76:6: warning: conflicting types for built-in function 'memset'
 char memset ();
      ^
configure:13509: $? = 0
configure:13509: result: yes
configure:13509: checking for select
configure:13509: gcc -o conftest -g -O2   conftest.c  >&5
configure:13509: $? = 0
configure:13509: result: yes
configure:13509: checking for socket
configure:13509: gcc -o conftest -g -O2   conftest.c  >&5
configure:13509: $? = 0
configure:13509: result: yes
configure:13509: checking for strerror
configure:13509: gcc -o conftest -g -O2   conftest.c  >&5
configure:13509: $? = 0
configure:13509: result: yes
configure:13509: checking for strlcpy
configure:13509: gcc -o conftest -g -O2   conftest.c  >&5
/tmp/ccjKi7xe.o: In function `main':
/home/libmodbusIO/libmodbus/conftest.c:91: undefined reference to `strlcpy'
collect2: error: ld returned 1 exit status
configure:13509: $? = 1
configure: failed program was:
| /* confdefs.h */
| #define PACKAGE_NAME "libmodbus"
| #define PACKAGE_TARNAME "libmodbus"
| #define PACKAGE_VERSION "3.1.0"
| #define PACKAGE_STRING "libmodbus 3.1.0"
| #define PACKAGE_BUGREPORT "https://github.com/stephane/libmodbus/issues"
| #define PACKAGE_URL "http://libmodbus.org/"
| #define PACKAGE "libmodbus"
| #define VERSION "3.1.0"
| #define STDC_HEADERS 1
| #define HAVE_SYS_TYPES_H 1
| #define HAVE_SYS_STAT_H 1
| #define HAVE_STDLIB_H 1
| #define HAVE_STRING_H 1
| #define HAVE_MEMORY_H 1
| #define HAVE_STRINGS_H 1
| #define HAVE_INTTYPES_H 1
| #define HAVE_STDINT_H 1
| #define HAVE_UNISTD_H 1
| #define __EXTENSIONS__ 1
| #define _ALL_SOURCE 1
| #define _GNU_SOURCE 1
| #define _POSIX_PTHREAD_SEMANTICS 1
| #define _TANDEM_SOURCE 1
| #define HAVE_DLFCN_H 1
| #define LT_OBJDIR ".libs/"
| #define HAVE_ARPA_INET_H 1
| #define HAVE_BYTESWAP_H 1
| #define HAVE_ERRNO_H 1
| #define HAVE_FCNTL_H 1
| #define HAVE_LIMITS_H 1
| #define HAVE_LINUX_SERIAL_H 1
| #define HAVE_NETDB_H 1
| #define HAVE_NETINET_IN_H 1
| #define HAVE_NETINET_TCP_H 1
| #define HAVE_SYS_IOCTL_H 1
| #define HAVE_SYS_SOCKET_H 1
| #define HAVE_SYS_TIME_H 1
| #define HAVE_SYS_TYPES_H 1
| #define HAVE_TERMIOS_H 1
| #define HAVE_TIME_H 1
| #define HAVE_UNISTD_H 1
| #define HAVE_DECL___CYGWIN__ 0
| #define HAVE_FORK 1
| #define HAVE_VFORK 1
| #define HAVE_WORKING_VFORK 1
| #define HAVE_WORKING_FORK 1
| #define HAVE_ACCEPT4 1
| #define HAVE_GETADDRINFO 1
| #define HAVE_GETTIMEOFDAY 1
| #define HAVE_INET_NTOA 1
| #define HAVE_MEMSET 1
| #define HAVE_SELECT 1
| #define HAVE_SOCKET 1
| #define HAVE_STRERROR 1
| /* end confdefs.h.  */
| /* Define strlcpy to an innocuous variant, in case <limits.h> declares strlcpy.
|    For example, HP-UX 11i <limits.h> declares gettimeofday.  */
| #define strlcpy innocuous_strlcpy
| 
| /* System header to define __stub macros and hopefully few prototypes,
|     which can conflict with char strlcpy (); below.
|     Prefer <limits.h> to <assert.h> if __STDC__ is defined, since
|     <limits.h> exists even on freestanding compilers.  */
| 
| #ifdef __STDC__
| # include <limits.h>
| #else
| # include <assert.h>
| #endif
| 
| #undef strlcpy
| 
| /* Override any GCC internal prototype to avoid an error.
|    Use char because int might match the return type of a GCC
|    builtin and then its argument prototype would still apply.  */
| #ifdef __cplusplus
| extern "C"
| #endif
| char strlcpy ();
| /* The GNU C library defines this for functions which it implements
|     to always fail with ENOSYS.  Some functions are actually named
|     something starting with __ and the normal name is an alias.  */
| #if defined __stub_strlcpy || defined __stub___strlcpy
| choke me
| #endif
| 
| int
| main ()
| {
| return strlcpy ();
|   ;
|   return 0;
| }
configure:13509: result: no
configure:13522: checking winsock2.h usability
configure:13522: gcc -c -g -O2  conftest.c >&5
conftest.c:90:22: fatal error: winsock2.h: No such file or directory
compilation terminated.
configure:13522: $? = 1
configure: failed program was:
| /* confdefs.h */
| #define PACKAGE_NAME "libmodbus"
| #define PACKAGE_TARNAME "libmodbus"
| #define PACKAGE_VERSION "3.1.0"
| #define PACKAGE_STRING "libmodbus 3.1.0"
| #define PACKAGE_BUGREPORT "https://github.com/stephane/libmodbus/issues"
| #define PACKAGE_URL "http://libmodbus.org/"
| #define PACKAGE "libmodbus"
| #define VERSION "3.1.0"
| #define STDC_HEADERS 1
| #define HAVE_SYS_TYPES_H 1
| #define HAVE_SYS_STAT_H 1
| #define HAVE_STDLIB_H 1
| #define HAVE_STRING_H 1
| #define HAVE_MEMORY_H 1
| #define HAVE_STRINGS_H 1
| #define HAVE_INTTYPES_H 1
| #define HAVE_STDINT_H 1
| #define HAVE_UNISTD_H 1
| #define __EXTENSIONS__ 1
| #define _ALL_SOURCE 1
| #define _GNU_SOURCE 1
| #define _POSIX_PTHREAD_SEMANTICS 1
| #define _TANDEM_SOURCE 1
| #define HAVE_DLFCN_H 1
| #define LT_OBJDIR ".libs/"
| #define HAVE_ARPA_INET_H 1
| #define HAVE_BYTESWAP_H 1
| #define HAVE_ERRNO_H 1
| #define HAVE_FCNTL_H 1
| #define HAVE_LIMITS_H 1
| #define HAVE_LINUX_SERIAL_H 1
| #define HAVE_NETDB_H 1
| #define HAVE_NETINET_IN_H 1
| #define HAVE_NETINET_TCP_H 1
| #define HAVE_SYS_IOCTL_H 1
| #define HAVE_SYS_SOCKET_H 1
| #define HAVE_SYS_TIME_H 1
| #define HAVE_SYS_TYPES_H 1
| #define HAVE_TERMIOS_H 1
| #define HAVE_TIME_H 1
| #define HAVE_UNISTD_H 1
| #define HAVE_DECL___CYGWIN__ 0
| #define HAVE_FORK 1
| #define HAVE_VFORK 1
| #define HAVE_WORKING_VFORK 1
| #define HAVE_WORKING_FORK 1
| #define HAVE_ACCEPT4 1
| #define HAVE_GETADDRINFO 1
| #define HAVE_GETTIMEOFDAY 1
| #define HAVE_INET_NTOA 1
| #define HAVE_MEMSET 1
| #define HAVE_SELECT 1
| #define HAVE_SOCKET 1
| #define HAVE_STRERROR 1
| /* end confdefs.h.  */
| #include <stdio.h>
| #ifdef HAVE_SYS_TYPES_H
| # include <sys/types.h>
| #endif
| #ifdef HAVE_SYS_STAT_H
| # include <sys/stat.h>
| #endif
| #ifdef STDC_HEADERS
| # include <stdlib.h>
| # include <stddef.h>
| #else
| # ifdef HAVE_STDLIB_H
| #  include <stdlib.h>
| # endif
| #endif
| #ifdef HAVE_STRING_H
| # if !defined STDC_HEADERS && defined HAVE_MEMORY_H
| #  include <memory.h>
| # endif
| # include <string.h>
| #endif
| #ifdef HAVE_STRINGS_H
| # include <strings.h>
| #endif
| #ifdef HAVE_INTTYPES_H
| # include <inttypes.h>
| #endif
| #ifdef HAVE_STDINT_H
| # include <stdint.h>
| #endif
| #ifdef HAVE_UNISTD_H
| # include <unistd.h>
| #endif
| #include <winsock2.h>
configure:13522: result: no
configure:13522: checking winsock2.h presence
configure:13522: gcc -E  conftest.c
conftest.c:57:22: fatal error: winsock2.h: No such file or directory
compilation terminated.
configure:13522: $? = 1
configure: failed program was:
| /* confdefs.h */
| #define PACKAGE_NAME "libmodbus"
| #define PACKAGE_TARNAME "libmodbus"
| #define PACKAGE_VERSION "3.1.0"
| #define PACKAGE_STRING "libmodbus 3.1.0"
| #define PACKAGE_BUGREPORT "https://github.com/stephane/libmodbus/issues"
| #define PACKAGE_URL "http://libmodbus.org/"
| #define PACKAGE "libmodbus"
| #define VERSION "3.1.0"
| #define STDC_HEADERS 1
| #define HAVE_SYS_TYPES_H 1
| #define HAVE_SYS_STAT_H 1
| #define HAVE_STDLIB_H 1
| #define HAVE_STRING_H 1
| #define HAVE_MEMORY_H 1
| #define HAVE_STRINGS_H 1
| #define HAVE_INTTYPES_H 1
| #define HAVE_STDINT_H 1
| #define HAVE_UNISTD_H 1
| #define __EXTENSIONS__ 1
| #define _ALL_SOURCE 1
| #define _GNU_SOURCE 1
| #define _POSIX_PTHREAD_SEMANTICS 1
| #define _TANDEM_SOURCE 1
| #define HAVE_DLFCN_H 1
| #define LT_OBJDIR ".libs/"
| #define HAVE_ARPA_INET_H 1
| #define HAVE_BYTESWAP_H 1
| #define HAVE_ERRNO_H 1
| #define HAVE_FCNTL_H 1
| #define HAVE_LIMITS_H 1
| #define HAVE_LINUX_SERIAL_H 1
| #define HAVE_NETDB_H 1
| #define HAVE_NETINET_IN_H 1
| #define HAVE_NETINET_TCP_H 1
| #define HAVE_SYS_IOCTL_H 1
| #define HAVE_SYS_SOCKET_H 1
| #define HAVE_SYS_TIME_H 1
| #define HAVE_SYS_TYPES_H 1
| #define HAVE_TERMIOS_H 1
| #define HAVE_TIME_H 1
| #define HAVE_UNISTD_H 1
| #define HAVE_DECL___CYGWIN__ 0
| #define HAVE_FORK 1
| #define HAVE_VFORK 1
| #define HAVE_WORKING_VFORK 1
| #define HAVE_WORKING_FORK 1
| #define HAVE_ACCEPT4 1
| #define HAVE_GETADDRINFO 1
| #define HAVE_GETTIMEOFDAY 1
| #define HAVE_INET_NTOA 1
| #define HAVE_MEMSET 1
| #define HAVE_SELECT 1
| #define HAVE_SOCKET 1
| #define HAVE_STRERROR 1
| /* end confdefs.h.  */
| #include <winsock2.h>
configure:13522: result: no
configure:13522: checking for winsock2.h
configure:13522: result: no
configure:13538: checking whether TIOCSRS485 is declared
configure:13538: gcc -c -g -O2  conftest.c >&5
configure:13538: $? = 0
configure:13538: result: yes
configure:13551: checking whether TIOCM_RTS is declared
configure:13551: gcc -c -g -O2  conftest.c >&5
configure:13551: $? = 0
configure:13551: result: yes
configure:13687: checking that generated files are newer than configure
configure:13693: result: done
configure:13732: creating ./config.status

## ---------------------- ##
## Running config.status. ##
## ---------------------- ##

This file was extended by libmodbus config.status 3.1.0, which was
generated by GNU Autoconf 2.69.  Invocation command line was

  CONFIG_FILES    = 
  CONFIG_HEADERS  = 
  CONFIG_LINKS    = 
  CONFIG_COMMANDS = 
  $ ./config.status 

on matt-ThinkPad-T520

config.status:1148: creating Makefile
config.status:1148: creating src/Makefile
config.status:1148: creating src/modbus-version.h
config.status:1148: creating src/win32/modbus.dll.manifest
config.status:1148: creating doc/Makefile
config.status:1148: creating tests/Makefile
config.status:1148: creating libmodbus.pc
config.status:1148: creating libmodbus.spec
config.status:1148: creating config.h
config.status:1148: creating tests/unit-test.h
config.status:1377: executing depfiles commands
config.status:1377: executing libtool commands
configure:15901: result:
        libmodbus 3.1.0
        ===============

        prefix:                 /usr/local
        sysconfdir:             ${prefix}/etc
        libdir:                 ${exec_prefix}/lib
        includedir:             ${prefix}/include

        compiler:               gcc
        cflags:                 -g -O2
        ldflags:                


## ---------------- ##
## Cache variables. ##
## ---------------- ##

ac_cv_build=x86_64-pc-linux-gnu
ac_cv_c_compiler_gnu=yes
ac_cv_env_CC_set=
ac_cv_env_CC_value=
ac_cv_env_CFLAGS_set=
ac_cv_env_CFLAGS_value=
ac_cv_env_CPPFLAGS_set=
ac_cv_env_CPPFLAGS_value=
ac_cv_env_CPP_set=
ac_cv_env_CPP_value=
ac_cv_env_LDFLAGS_set=
ac_cv_env_LDFLAGS_value=
ac_cv_env_LIBS_set=
ac_cv_env_LIBS_value=
ac_cv_env_LT_SYS_LIBRARY_PATH_set=
ac_cv_env_LT_SYS_LIBRARY_PATH_value=
ac_cv_env_build_alias_set=
ac_cv_env_build_alias_value=
ac_cv_env_host_alias_set=
ac_cv_env_host_alias_value=
ac_cv_env_target_alias_set=
ac_cv_env_target_alias_value=
ac_cv_func_accept4=yes
ac_cv_func_fork=yes
ac_cv_func_fork_works=yes
ac_cv_func_getaddrinfo=yes
ac_cv_func_gettimeofday=yes
ac_cv_func_inet_ntoa=yes
ac_cv_func_memset=yes
ac_cv_func_select=yes
ac_cv_func_socket=yes
ac_cv_func_strerror=yes
ac_cv_func_strlcpy=no
ac_cv_func_vfork=yes
ac_cv_func_vfork_works=yes
ac_cv_have_decl_TIOCM_RTS=yes
ac_cv_have_decl_TIOCSRS485=yes
ac_cv_have_decl___CYGWIN__=no
ac_cv_header_arpa_inet_h=yes
ac_cv_header_byteswap_h=yes
ac_cv_header_dlfcn_h=yes
ac_cv_header_errno_h=yes
ac_cv_header_fcntl_h=yes
ac_cv_header_inttypes_h=yes
ac_cv_header_limits_h=yes
ac_cv_header_linux_serial_h=yes
ac_cv_header_memory_h=yes
ac_cv_header_minix_config_h=no
ac_cv_header_netdb_h=yes
ac_cv_header_netinet_in_h=yes
ac_cv_header_netinet_tcp_h=yes
ac_cv_header_stdc=yes
ac_cv_header_stdint_h=yes
ac_cv_header_stdlib_h=yes
ac_cv_header_string_h=yes
ac_cv_header_strings_h=yes
ac_cv_header_sys_ioctl_h=yes
ac_cv_header_sys_socket_h=yes
ac_cv_header_sys_stat_h=yes
ac_cv_header_sys_time_h=yes
ac_cv_header_sys_types_h=yes
ac_cv_header_termios_h=yes
ac_cv_header_time_h=yes
ac_cv_header_unistd_h=yes
ac_cv_header_vfork_h=no
ac_cv_header_winsock2_h=no
ac_cv_host=x86_64-pc-linux-gnu
ac_cv_objext=o
ac_cv_path_EGREP='/bin/grep -E'
ac_cv_path_FGREP='/bin/grep -F'
ac_cv_path_GREP=/bin/grep
ac_cv_path_SED=/bin/sed
ac_cv_path_install='/usr/bin/install -c'
ac_cv_path_lt_DD=/bin/dd
ac_cv_path_mkdir=/bin/mkdir
ac_cv_prog_AWK=mawk
ac_cv_prog_CPP='gcc -E'
ac_cv_prog_ac_ct_AR=ar
ac_cv_prog_ac_ct_CC=gcc
ac_cv_prog_ac_ct_MANIFEST_TOOL=mt
ac_cv_prog_ac_ct_OBJDUMP=objdump
ac_cv_prog_ac_ct_RANLIB=ranlib
ac_cv_prog_ac_ct_STRIP=strip
ac_cv_prog_ac_libmodbus_have_asciidoc=no
ac_cv_prog_ac_libmodbus_have_xmlto=no
ac_cv_prog_cc_c89=
ac_cv_prog_cc_c99=
ac_cv_prog_cc_g=yes
ac_cv_prog_cc_stdc=
ac_cv_prog_make_make_set=yes
ac_cv_safe_to_define___extensions__=yes
ac_cv_sys_file_offset_bits=no
ac_cv_sys_largefile_CC=no
ac_cv_type_pid_t=yes
am_cv_CC_dependencies_compiler_type=gcc3
am_cv_make_support_nested_variables=yes
am_cv_prog_cc_c_o=yes
am_cv_prog_tar_pax=gnutar
lt_cv_ar_at_file=@
lt_cv_archive_cmds_need_lc=no
lt_cv_deplibs_check_method=pass_all
lt_cv_file_magic_cmd='$MAGIC_CMD'
lt_cv_file_magic_test_file=
lt_cv_ld_reload_flag=-r
lt_cv_nm_interface='BSD nm'
lt_cv_objdir=.libs
lt_cv_path_LD=/usr/bin/ld
lt_cv_path_NM='/usr/bin/nm -B'
lt_cv_path_mainfest_tool=no
lt_cv_prog_compiler_c_o=yes
lt_cv_prog_compiler_pic='-fPIC -DPIC'
lt_cv_prog_compiler_pic_works=yes
lt_cv_prog_compiler_rtti_exceptions=no
lt_cv_prog_compiler_static_works=yes
lt_cv_prog_gnu_ld=yes
lt_cv_sharedlib_from_linklib_cmd='printf %s\n'
lt_cv_shlibpath_overrides_runpath=no
lt_cv_sys_global_symbol_pipe='sed -n -e '\''s/^.*[	 ]\([ABCDGIRSTW][ABCDGIRSTW]*\)[	 ][	 ]*\([_A-Za-z][_A-Za-z0-9]*\)$/\1 \2 \2/p'\'' | sed '\''/ __gnu_lto/d'\'''
lt_cv_sys_global_symbol_to_c_name_address='sed -n -e '\''s/^: \(.*\) .*$/  {"\1", (void *) 0},/p'\'' -e '\''s/^[ABCDGIRSTW][ABCDGIRSTW]* .* \(.*\)$/  {"\1", (void *) \&\1},/p'\'''
lt_cv_sys_global_symbol_to_c_name_address_lib_prefix='sed -n -e '\''s/^: \(.*\) .*$/  {"\1", (void *) 0},/p'\'' -e '\''s/^[ABCDGIRSTW][ABCDGIRSTW]* .* \(lib.*\)$/  {"\1", (void *) \&\1},/p'\'' -e '\''s/^[ABCDGIRSTW][ABCDGIRSTW]* .* \(.*\)$/  {"lib\1", (void *) \&\1},/p'\'''
lt_cv_sys_global_symbol_to_cdecl='sed -n -e '\''s/^T .* \(.*\)$/extern int \1();/p'\'' -e '\''s/^[ABCDGIRSTW][ABCDGIRSTW]* .* \(.*\)$/extern char \1;/p'\'''
lt_cv_sys_global_symbol_to_import=
lt_cv_sys_max_cmd_len=1572864
lt_cv_to_host_file_cmd=func_convert_file_noop
lt_cv_to_tool_file_cmd=func_convert_file_noop
lt_cv_truncate_bin='/bin/dd bs=4096 count=1'

## ----------------- ##
## Output variables. ##
## ----------------- ##

ACLOCAL='${SHELL} /home/libmodbusIO/libmodbus/build-aux/missing aclocal-1.15'
AMDEPBACKSLASH='\'
AMDEP_FALSE='#'
AMDEP_TRUE=''
AMTAR='$${TAR-tar}'
AM_BACKSLASH='\'
AM_DEFAULT_V='$(AM_DEFAULT_VERBOSITY)'
AM_DEFAULT_VERBOSITY='0'
AM_V='$(V)'
AR='ar'
AS='as'
AUTOCONF='${SHELL} /home/libmodbusIO/libmodbus/build-aux/missing autoconf'
AUTOHEADER='${SHELL} /home/libmodbusIO/libmodbus/build-aux/missing autoheader'
AUTOMAKE='${SHELL} /home/libmodbusIO/libmodbus/build-aux/missing automake-1.15'
AWK='mawk'
BUILD_DOC_FALSE=''
BUILD_DOC_TRUE='#'
CC='gcc'
CCDEPMODE='depmode=gcc3'
CFLAGS='-g -O2'
CPP='gcc -E'
CPPFLAGS=''
CYGPATH_W='echo'
DEFS='-DHAVE_CONFIG_H'
DEPDIR='.deps'
DLLTOOL='false'
DSYMUTIL=''
DUMPBIN=''
ECHO_C=''
ECHO_N='-n'
ECHO_T=''
EGREP='/bin/grep -E'
EXEEXT=''
FGREP='/bin/grep -F'
GREP='/bin/grep'
INSTALL_DATA='${INSTALL} -m 644'
INSTALL_MAN_FALSE=''
INSTALL_MAN_TRUE='#'
INSTALL_PROGRAM='${INSTALL}'
INSTALL_SCRIPT='${INSTALL}'
INSTALL_STRIP_PROGRAM='$(install_sh) -c -s'
LD='/usr/bin/ld -m elf_x86_64'
LDFLAGS=''
LIBMODBUS_LT_VERSION_INFO='6:0:1'
LIBMODBUS_VERSION='3.1.0'
LIBMODBUS_VERSION_MAJOR='3'
LIBMODBUS_VERSION_MICRO='0'
LIBMODBUS_VERSION_MINOR='1'
LIBOBJS=''
LIBS=''
LIBTOOL='$(SHELL) $(top_builddir)/libtool'
LIPO=''
LN_S='ln -s'
LTLIBOBJS=''
LT_SYS_LIBRARY_PATH=''
MAKEINFO='${SHELL} /home/libmodbusIO/libmodbus/build-aux/missing makeinfo'
MANIFEST_TOOL=':'
MKDIR_P='/bin/mkdir -p'
NM='/usr/bin/nm -B'
NMEDIT=''
OBJDUMP='objdump'
OBJEXT='o'
OS_QNX_FALSE=''
OS_QNX_TRUE='#'
OS_WIN32_FALSE=''
OS_WIN32_TRUE='#'
OTOOL64=''
OTOOL=''
PACKAGE='libmodbus'
PACKAGE_BUGREPORT='https://github.com/stephane/libmodbus/issues'
PACKAGE_NAME='libmodbus'
PACKAGE_STRING='libmodbus 3.1.0'
PACKAGE_TARNAME='libmodbus'
PACKAGE_URL='http://libmodbus.org/'
PACKAGE_VERSION='3.1.0'
PATH_SEPARATOR=':'
RANLIB='ranlib'
SED='/bin/sed'
SET_MAKE=''
SHELL='/bin/bash'
STRIP='strip'
VERSION='3.1.0'
ac_ct_AR='ar'
ac_ct_CC='gcc'
ac_ct_DUMPBIN=''
ac_libmodbus_have_asciidoc='no'
ac_libmodbus_have_xmlto='no'
am__EXEEXT_FALSE=''
am__EXEEXT_TRUE='#'
am__fastdepCC_FALSE='#'
am__fastdepCC_TRUE=''
am__include='include'
am__isrc=''
am__leading_dot='.'
am__nodep='_no'
am__quote=''
am__tar='tar --format=posix -chf - "$$tardir"'
am__untar='tar -xf -'
bindir='${exec_prefix}/bin'
build='x86_64-pc-linux-gnu'
build_alias=''
build_cpu='x86_64'
build_os='linux-gnu'
build_vendor='pc'
datadir='${datarootdir}'
datarootdir='${prefix}/share'
docdir='${datarootdir}/doc/${PACKAGE_TARNAME}'
dvidir='${docdir}'
exec_prefix='${prefix}'
host='x86_64-pc-linux-gnu'
host_alias=''
host_cpu='x86_64'
host_os='linux-gnu'
host_vendor='pc'
htmldir='${docdir}'
includedir='${prefix}/include'
infodir='${datarootdir}/info'
install_sh='${SHELL} /home/libmodbusIO/libmodbus/build-aux/install-sh'
libdir='${exec_prefix}/lib'
libexecdir='${exec_prefix}/libexec'
localedir='${datarootdir}/locale'
localstatedir='${prefix}/var'
mandir='${datarootdir}/man'
mkdir_p='$(MKDIR_P)'
my_CFLAGS='-Wall -Wmissing-declarations -Wmissing-prototypes -Wnested-externs -Wpointer-arith -Wpointer-arith -Wsign-compare -Wchar-subscripts -Wstrict-prototypes -Wshadow -Wformat-security'
oldincludedir='/usr/include'
pdfdir='${docdir}'
prefix='/usr/local'
program_transform_name='s,x,x,'
psdir='${docdir}'
runstatedir='${localstatedir}/run'
sbindir='${exec_prefix}/sbin'
sharedstatedir='${prefix}/com'
sysconfdir='${prefix}/etc'
target_alias=''

## ----------- ##
## confdefs.h. ##
## ----------- ##

/* confdefs.h */
#define PACKAGE_NAME "libmodbus"
#define PACKAGE_TARNAME "libmodbus"
#define PACKAGE_VERSION "3.1.0"
#define PACKAGE_STRING "libmodbus 3.1.0"
#define PACKAGE_BUGREPORT "https://github.com/stephane/libmodbus/issues"
#define PACKAGE_URL "http://libmodbus.org/"
#define PACKAGE "libmodbus"
#define VERSION "3.1.0"
#define STDC_HEADERS 1
#define HAVE_SYS_TYPES_H 1
#define HAVE_SYS_STAT_H 1
#define HAVE_STDLIB_H 1
#define HAVE_STRING_H 1
#define HAVE_MEMORY_H 1
#define HAVE_STRINGS_H 1
#define HAVE_INTTYPES_H 1
#define HAVE_STDINT_H 1
#define HAVE_UNISTD_H 1
#define __EXTENSIONS__ 1
#define _ALL_SOURCE 1
#define _GNU_SOURCE 1
#define _POSIX_PTHREAD_SEMANTICS 1
#define _TANDEM_SOURCE 1
#define HAVE_DLFCN_H 1
#define LT_OBJDIR ".libs/"
#define HAVE_ARPA_INET_H 1
#define HAVE_BYTESWAP_H 1
#define HAVE_ERRNO_H 1
#define HAVE_FCNTL_H 1
#define HAVE_LIMITS_H 1
#define HAVE_LINUX_SERIAL_H 1
#define HAVE_NETDB_H 1
#define HAVE_NETINET_IN_H 1
#define HAVE_NETINET_TCP_H 1
#define HAVE_SYS_IOCTL_H 1
#define HAVE_SYS_SOCKET_H 1
#define HAVE_SYS_TIME_H 1
#define HAVE_SYS_TYPES_H 1
#define HAVE_TERMIOS_H 1
#define HAVE_TIME_H 1
#define HAVE_UNISTD_H 1
#define HAVE_DECL___CYGWIN__ 0
#define HAVE_FORK 1
#define HAVE_VFORK 1
#define HAVE_WORKING_VFORK 1
#define HAVE_WORKING_FORK 1
#define HAVE_ACCEPT4 1
#define HAVE_GETADDRINFO 1
#define HAVE_GETTIMEOFDAY 1
#define HAVE_INET_NTOA 1
#define HAVE_MEMSET 1
#define HAVE_SELECT 1
#define HAVE_SOCKET 1
#define HAVE_STRERROR 1
#define HAVE_DECL_TIOCSRS485 1
#define HAVE_DECL_TIOCM_RTS 1

configure: exit 0
